Note: NumExpr detected 64 cores but "NUMEXPR_MAX_THREADS" not set, so enforcing safe limit of 16.
NumExpr defaulting to 16 threads.

============================================================
PyTorch Connectomics | Training
============================================================
Loading config: tutorials/neuron_nisb/base_banis_v2_erosion2.yaml
Applying 2 CLI overrides
Auto-detected system.num_gpus: -1 -> 4
Auto-detected system.num_workers: -1 -> 8 (available_cpus=32, local_processes=4)
Validating configuration...
Resuming into existing run directory: outputs/nisb_base_banis_v2_erosion2/20260518_003417
Config saved to: outputs/nisb_base_banis_v2_erosion2/20260518_003417/config.yaml
Creating model: mednext
Model: MedNeXtMultiHeadWrapper (architecture: mednext)
  Parameters: 5,555,359
  Trainable: 5,555,359
  Deep Supervision: False
  Model parameters: 5,555,359
Creating Lightning trainer...
Creating Lightning trainer (mode=train)...
  Step checkpoints: every 50000 train steps
  Visualization: Enabled (every 1 epoch(s))
  EMA: Enabled (decay=0.999, warmup_steps=500, validate_with_ema=True)
  Validation Reseeding: Enabled (base_seed=42)
  Logger: TensorBoard (logs saved to outputs/nisb_base_banis_v2_erosion2/20260518_003417/logs/)
  Strategy: DDP with find_unused_parameters=True (MedNeXt (has unused DS layers))
  Validation: every 5000 train step(s)
Using 16bit Automatic Mixed Precision (AMP)
GPU available: True (cuda), used: True
TPU available: False, using: 0 TPU cores
  Training mode: step-based (200,000 steps)
  Devices: 4 (train mode)
  Precision: 16-mixed
Loading training data...
Creating datasets...
label_aux_type=skeleton (train): resolution=[1.0, 1.0, 1.0], alpha=0.8
  Using cached skeleton: /projects/weilab/dataset/nisb/base/train/seed0/data.zarr/seg_skeleton
  Using cached skeleton: /projects/weilab/dataset/nisb/base/train/seed1/data.zarr/seg_skeleton
  Using cached skeleton: /projects/weilab/dataset/nisb/base/train/seed2/data.zarr/seg_skeleton
  Using cached skeleton: /projects/weilab/dataset/nisb/base/train/seed3/data.zarr/seg_skeleton
  Using cached skeleton: /projects/weilab/dataset/nisb/base/train/seed4/data.zarr/seg_skeleton
label_aux_type=skeleton (val): resolution=[1.0, 1.0, 1.0], alpha=0.8
  Using cached skeleton: /projects/weilab/dataset/nisb/base/val/seed100/data.zarr/seg_skeleton
Train transforms: 19 steps
Val transforms: 9 steps
Training volumes: 5 files
  - /projects/weilab/dataset/nisb/base/train/seed0/data.zarr/img
  - /projects/weilab/dataset/nisb/base/train/seed1/data.zarr/img
  - /projects/weilab/dataset/nisb/base/train/seed2/data.zarr/img
  - /projects/weilab/dataset/nisb/base/train/seed3/data.zarr/img
  - /projects/weilab/dataset/nisb/base/train/seed4/data.zarr/img
Validation volumes: 1 files
Train dataset size: 5
Val dataset size: 1
Requested n_steps_per_epoch=5000 steps -> dataset samples=40000 (batch_size=2, devices=4, accumulate_grad_batches=1)
Creating data loaders...
Using runtime settings: batch_size=2, num_workers=8
Using lazy zarr volume loading (crop-on-read, no full preload)
Opening 5 zarr volumes (lazy, no preload)...
    Volume 1/5: image=(3000, 3000, 1350, 1), spatial=(3000, 3000, 1350)->(3000, 3000, 1350)
    Volume 2/5: image=(3000, 3000, 1350, 1), spatial=(3000, 3000, 1350)->(3000, 3000, 1350)
    Volume 3/5: image=(3000, 3000, 1350, 1), spatial=(3000, 3000, 1350)->(3000, 3000, 1350)
    Volume 4/5: image=(3000, 3000, 1350, 1), spatial=(3000, 3000, 1350)->(3000, 3000, 1350)
    Volume 5/5: image=(3000, 3000, 1350, 1), spatial=(3000, 3000, 1350)->(3000, 3000, 1350)
Using 8 workers
Opening 1 zarr volumes (lazy, no preload)...
    Volume 1/1: image=(3000, 3000, 1350, 1), spatial=(3000, 3000, 1350)->(3000, 3000, 1350)
Validation dataloader created with 100 steps
Train batches: 20000
Val batches: 50

============================================================
STARTING TRAINING
============================================================
Initializing distributed: GLOBAL_RANK: 0, MEMBER: 1/4
Note: NumExpr detected 64 cores but "NUMEXPR_MAX_THREADS" not set, so enforcing safe limit of 16.
Note: NumExpr detected 64 cores but "NUMEXPR_MAX_THREADS" not set, so enforcing safe limit of 16.
Note: NumExpr detected 64 cores but "NUMEXPR_MAX_THREADS" not set, so enforcing safe limit of 16.
NumExpr defaulting to 16 threads.
NumExpr defaulting to 16 threads.
NumExpr defaulting to 16 threads.
Loading config: tutorials/neuron_nisb/base_banis_v2_erosion2.yaml
Loading config: tutorials/neuron_nisb/base_banis_v2_erosion2.yaml
Loading config: tutorials/neuron_nisb/base_banis_v2_erosion2.yaml
Applying 2 CLI overrides
Applying 2 CLI overrides
Applying 2 CLI overrides
Auto-detected system.num_gpus: -1 -> 4
Auto-detected system.num_workers: -1 -> 8 (available_cpus=32, local_processes=4)
Validating configuration...
Auto-detected system.num_gpus: -1 -> 4
Auto-detected system.num_workers: -1 -> 8 (available_cpus=32, local_processes=4)
Auto-detected system.num_gpus: -1 -> 4
Validating configuration...
Auto-detected system.num_workers: -1 -> 8 (available_cpus=32, local_processes=4)
Validating configuration...
[DDP Rank 3] Using run directory: outputs/nisb_base_banis_v2_erosion2/20260518_003417
[DDP Rank 2] Using run directory: outputs/nisb_base_banis_v2_erosion2/20260518_003417
[DDP Rank 1] Using run directory: outputs/nisb_base_banis_v2_erosion2/20260518_003417
Model: MedNeXtMultiHeadWrapper (architecture: mednext)
Model: MedNeXtMultiHeadWrapper (architecture: mednext)
Model: MedNeXtMultiHeadWrapper (architecture: mednext)
  Parameters: 5,555,359
  Trainable: 5,555,359
  Parameters: 5,555,359
  Parameters: 5,555,359
  Trainable: 5,555,359
  Trainable: 5,555,359
  Deep Supervision: False
  Deep Supervision: False
Creating Lightning trainer (mode=train)...
Creating Lightning trainer (mode=train)...
  Step checkpoints: every 50000 train steps
  Step checkpoints: every 50000 train steps
  Visualization: Enabled (every 1 epoch(s))
  Visualization: Enabled (every 1 epoch(s))
  EMA: Enabled (decay=0.999, warmup_steps=500, validate_with_ema=True)
  EMA: Enabled (decay=0.999, warmup_steps=500, validate_with_ema=True)
  Validation Reseeding: Enabled (base_seed=42)
  Validation Reseeding: Enabled (base_seed=42)
  Logger: TensorBoard (logs saved to outputs/nisb_base_banis_v2_erosion2/20260518_003417/logs/)
  Logger: TensorBoard (logs saved to outputs/nisb_base_banis_v2_erosion2/20260518_003417/logs/)
  Strategy: DDP with find_unused_parameters=True (MedNeXt (has unused DS layers))
  Strategy: DDP with find_unused_parameters=True (MedNeXt (has unused DS layers))
  Validation: every 5000 train step(s)
  Deep Supervision: False
  Validation: every 5000 train step(s)
Creating Lightning trainer (mode=train)...
  Step checkpoints: every 50000 train steps
  Visualization: Enabled (every 1 epoch(s))
  EMA: Enabled (decay=0.999, warmup_steps=500, validate_with_ema=True)
  Validation Reseeding: Enabled (base_seed=42)
  Logger: TensorBoard (logs saved to outputs/nisb_base_banis_v2_erosion2/20260518_003417/logs/)
  Strategy: DDP with find_unused_parameters=True (MedNeXt (has unused DS layers))
  Validation: every 5000 train step(s)
  Training mode: step-based (200,000 steps)
  Training mode: step-based (200,000 steps)
  Training mode: step-based (200,000 steps)
  Devices: 4 (train mode)
  Devices: 4 (train mode)
  Devices: 4 (train mode)
  Precision: 16-mixed
  Precision: 16-mixed
  Precision: 16-mixed
Creating datasets...
Creating datasets...
Creating datasets...
Train transforms: 19 steps
Train transforms: 19 steps
Train transforms: 19 steps
Val transforms: 9 steps
Val transforms: 9 steps
Val transforms: 9 steps
Training volumes: 5 files
Training volumes: 5 files
Training volumes: 5 files
  - /projects/weilab/dataset/nisb/base/train/seed0/data.zarr/img
  - /projects/weilab/dataset/nisb/base/train/seed0/data.zarr/img
  - /projects/weilab/dataset/nisb/base/train/seed0/data.zarr/img
  - /projects/weilab/dataset/nisb/base/train/seed1/data.zarr/img
  - /projects/weilab/dataset/nisb/base/train/seed1/data.zarr/img
  - /projects/weilab/dataset/nisb/base/train/seed1/data.zarr/img
  - /projects/weilab/dataset/nisb/base/train/seed2/data.zarr/img
  - /projects/weilab/dataset/nisb/base/train/seed2/data.zarr/img
  - /projects/weilab/dataset/nisb/base/train/seed2/data.zarr/img
  - /projects/weilab/dataset/nisb/base/train/seed3/data.zarr/img
  - /projects/weilab/dataset/nisb/base/train/seed3/data.zarr/img
  - /projects/weilab/dataset/nisb/base/train/seed3/data.zarr/img
  - /projects/weilab/dataset/nisb/base/train/seed4/data.zarr/img
  - /projects/weilab/dataset/nisb/base/train/seed4/data.zarr/img
  - /projects/weilab/dataset/nisb/base/train/seed4/data.zarr/img
Validation volumes: 1 files
Validation volumes: 1 files
Validation volumes: 1 files
Train dataset size: 5
Train dataset size: 5
Train dataset size: 5
Val dataset size: 1
Val dataset size: 1
Val dataset size: 1
Requested n_steps_per_epoch=5000 steps -> dataset samples=40000 (batch_size=2, devices=4, accumulate_grad_batches=1)
Requested n_steps_per_epoch=5000 steps -> dataset samples=40000 (batch_size=2, devices=4, accumulate_grad_batches=1)
Requested n_steps_per_epoch=5000 steps -> dataset samples=40000 (batch_size=2, devices=4, accumulate_grad_batches=1)
Creating data loaders...
Creating data loaders...
Creating data loaders...
Using runtime settings: batch_size=2, num_workers=8
Using runtime settings: batch_size=2, num_workers=8
Using runtime settings: batch_size=2, num_workers=8
Using lazy zarr volume loading (crop-on-read, no full preload)
Using lazy zarr volume loading (crop-on-read, no full preload)
Using lazy zarr volume loading (crop-on-read, no full preload)
Opening 5 zarr volumes (lazy, no preload)...
Opening 5 zarr volumes (lazy, no preload)...
Opening 5 zarr volumes (lazy, no preload)...
    Volume 1/5: image=(3000, 3000, 1350, 1), spatial=(3000, 3000, 1350)->(3000, 3000, 1350)
    Volume 1/5: image=(3000, 3000, 1350, 1), spatial=(3000, 3000, 1350)->(3000, 3000, 1350)
    Volume 1/5: image=(3000, 3000, 1350, 1), spatial=(3000, 3000, 1350)->(3000, 3000, 1350)
    Volume 2/5: image=(3000, 3000, 1350, 1), spatial=(3000, 3000, 1350)->(3000, 3000, 1350)
    Volume 2/5: image=(3000, 3000, 1350, 1), spatial=(3000, 3000, 1350)->(3000, 3000, 1350)
    Volume 2/5: image=(3000, 3000, 1350, 1), spatial=(3000, 3000, 1350)->(3000, 3000, 1350)
    Volume 3/5: image=(3000, 3000, 1350, 1), spatial=(3000, 3000, 1350)->(3000, 3000, 1350)
    Volume 3/5: image=(3000, 3000, 1350, 1), spatial=(3000, 3000, 1350)->(3000, 3000, 1350)
    Volume 3/5: image=(3000, 3000, 1350, 1), spatial=(3000, 3000, 1350)->(3000, 3000, 1350)
    Volume 4/5: image=(3000, 3000, 1350, 1), spatial=(3000, 3000, 1350)->(3000, 3000, 1350)
    Volume 4/5: image=(3000, 3000, 1350, 1), spatial=(3000, 3000, 1350)->(3000, 3000, 1350)
    Volume 4/5: image=(3000, 3000, 1350, 1), spatial=(3000, 3000, 1350)->(3000, 3000, 1350)
    Volume 5/5: image=(3000, 3000, 1350, 1), spatial=(3000, 3000, 1350)->(3000, 3000, 1350)
    Volume 5/5: image=(3000, 3000, 1350, 1), spatial=(3000, 3000, 1350)->(3000, 3000, 1350)
    Volume 5/5: image=(3000, 3000, 1350, 1), spatial=(3000, 3000, 1350)->(3000, 3000, 1350)
Using 8 workers
Using 8 workers
Using 8 workers
Opening 1 zarr volumes (lazy, no preload)...
Opening 1 zarr volumes (lazy, no preload)...
Opening 1 zarr volumes (lazy, no preload)...
    Volume 1/1: image=(3000, 3000, 1350, 1), spatial=(3000, 3000, 1350)->(3000, 3000, 1350)
    Volume 1/1: image=(3000, 3000, 1350, 1), spatial=(3000, 3000, 1350)->(3000, 3000, 1350)
    Volume 1/1: image=(3000, 3000, 1350, 1), spatial=(3000, 3000, 1350)->(3000, 3000, 1350)
Validation dataloader created with 100 steps
Validation dataloader created with 100 steps
Validation dataloader created with 100 steps
Train batches: 20000
Train batches: 20000
Train batches: 20000
Val batches: 50
Val batches: 50
Val batches: 50
Initializing distributed: GLOBAL_RANK: 3, MEMBER: 4/4
Initializing distributed: GLOBAL_RANK: 1, MEMBER: 2/4
Initializing distributed: GLOBAL_RANK: 2, MEMBER: 3/4
----------------------------------------------------------------------------------------------------
distributed_backend=nccl
All distributed processes registered. Starting with 4 processes
----------------------------------------------------------------------------------------------------

Restoring states from the checkpoint path at outputs/nisb_base_banis_v2_erosion2/20260518_003417/checkpoints/last.ckpt
LOCAL_RANK: 2 - CUDA_VISIBLE_DEVICES: [0,1,2,3]
LOCAL_RANK: 3 - CUDA_VISIBLE_DEVICES: [0,1,2,3]
LOCAL_RANK: 1 - CUDA_VISIBLE_DEVICES: [0,1,2,3]
LOCAL_RANK: 0 - CUDA_VISIBLE_DEVICES: [0,1,2,3]
Optimizer: AdamW (lr=0.001, wd=0.01)
Optimizer: AdamW (lr=0.001, wd=0.01)
Optimizer: AdamW (lr=0.001, wd=0.01)
LR Scheduler: CosineAnnealingLR
Optimizer: AdamW (lr=0.001, wd=0.01)
LR Scheduler: CosineAnnealingLR
Scheduler interval: 'step' (frequency: 1)
LR Scheduler: CosineAnnealingLR
Scheduler interval: 'step' (frequency: 1)
LR Scheduler: CosineAnnealingLR
Scheduler will step every 1 training step(s)
Scheduler interval: 'step' (frequency: 1)
Scheduler will step every 1 training step(s)
Scheduler interval: 'step' (frequency: 1)
Scheduler will step every 1 training step(s)
Scheduler will step every 1 training step(s)
┏━━━┳━━━━━━━━━━━━━━━━┳━━━━━━━━━━━━━━━━━━━━━━━━━┳━━━━━━━━┳━━━━━━━┳━━━━━━━┓
┃   ┃ Name           ┃ Type                    ┃ Params ┃ Mode  ┃ FLOPs ┃
┡━━━╇━━━━━━━━━━━━━━━━╇━━━━━━━━━━━━━━━━━━━━━━━━━╇━━━━━━━━╇━━━━━━━╇━━━━━━━┩
│ 0 │ model          │ MedNeXtMultiHeadWrapper │  5.6 M │ train │     0 │
│ 1 │ loss_functions │ ModuleList              │      0 │ train │     0 │
└───┴────────────────┴─────────────────────────┴────────┴───────┴───────┘
Trainable params: 5.6 M                                                         
Non-trainable params: 0                                                         
Total params: 5.6 M                                                             
Total estimated model params size (MB): 22                                      
Modules in train mode: 202                                                      
Modules in eval mode: 0                                                         
Total FLOPs: 0                                                                  
Restored all states from the checkpoint at outputs/nisb_base_banis_v2_erosion2/20260518_003417/checkpoints/last.ckpt
